android/app/build/intermediates/manifest_merge_blame_file/debug/manifest-merger-blame-debug-report.txt
1<?xml version="1.0" encoding="utf-8"?>
2<manifest xmlns:android="http://schemas.android.com/apk/res/android"
3    package="com.apppharmacist"
4    android:versionCode="1"
5    android:versionName="1.0" >
6
7    <uses-sdk
8        android:minSdkVersion="16"
9        android:targetSdkVersion="29" />
10
11    <uses-permission android:name="android.permission.SYSTEM_ALERT_WINDOW" />
11-->src/debug/AndroidManifest.xml:5:5-77
11-->src/debug/AndroidManifest.xml:5:22-75
12    <uses-permission android:name="android.permission.INTERNET" />
12-->src/main/AndroidManifest.xml:4:5-67
12-->src/main/AndroidManifest.xml:4:22-64
13    <uses-permission android:name="android.permission.CAMERA" />
13-->src/main/AndroidManifest.xml:5:5-65
13-->src/main/AndroidManifest.xml:5:22-62
14    <uses-permission android:name="android.permission.WRITE_EXTERNAL_STORAGE" />
14-->src/main/AndroidManifest.xml:6:5-80
14-->src/main/AndroidManifest.xml:6:22-78
15    <uses-permission android:name="android.permission.ACCESS_WIFI_STATE" />
15-->[com.facebook.flipper:flipper:0.33.1] AndroidManifest.xml:16:5-76
15-->[com.facebook.flipper:flipper:0.33.1] AndroidManifest.xml:16:22-73
16    <uses-permission android:name="android.permission.WAKE_LOCK" />
16-->[:react-native-firebase_auth] AndroidManifest.xml:12:5-68
16-->[:react-native-firebase_auth] AndroidManifest.xml:12:22-65
17    <uses-permission android:name="android.permission.ACCESS_NETWORK_STATE" /> <!-- Required by older versions of Google Play services to create IID tokens -->
17-->[:react-native-firebase_auth] AndroidManifest.xml:13:5-79
17-->[:react-native-firebase_auth] AndroidManifest.xml:13:22-76
18    <uses-permission android:name="com.google.android.c2dm.permission.RECEIVE" />
18-->[com.google.firebase:firebase-iid:21.0.1] AndroidManifest.xml:26:5-82
18-->[com.google.firebase:firebase-iid:21.0.1] AndroidManifest.xml:26:22-79
19
20    <application
20-->src/main/AndroidManifest.xml:8:5-27:19
21        android:name="com.apppharmacist.MainApplication"
21-->src/main/AndroidManifest.xml:9:7-38
22        android:allowBackup="false"
22-->src/main/AndroidManifest.xml:13:7-34
23        android:appComponentFactory="androidx.core.app.CoreComponentFactory"
23-->[androidx.core:core:1.1.0] AndroidManifest.xml:24:18-86
24        android:debuggable="true"
25        android:icon="@mipmap/ic_launcher"
25-->src/main/AndroidManifest.xml:11:7-41
26        android:label="@string/app_name"
26-->src/main/AndroidManifest.xml:10:7-39
27        android:roundIcon="@mipmap/ic_launcher_round"
27-->src/main/AndroidManifest.xml:12:7-52
28        android:supportsRtl="true"
28-->[:react-native-spinkit] AndroidManifest.xml:11:9-35
29        android:theme="@style/AppTheme"
29-->src/main/AndroidManifest.xml:14:7-38
30        android:usesCleartextTraffic="true" >
30-->src/debug/AndroidManifest.xml:7:18-53
31        <activity
31-->src/main/AndroidManifest.xml:15:7-25:18
32            android:name="com.apppharmacist.MainActivity"
32-->src/main/AndroidManifest.xml:16:9-37
33            android:configChanges="keyboard|keyboardHidden|orientation|screenSize|uiMode"
33-->src/main/AndroidManifest.xml:18:9-86
34            android:label="@string/app_name"
34-->src/main/AndroidManifest.xml:17:9-41
35            android:launchMode="singleTask"
35-->src/main/AndroidManifest.xml:19:9-40
36            android:windowSoftInputMode="adjustResize" >
36-->src/main/AndroidManifest.xml:20:9-51
37            <intent-filter>
37-->src/main/AndroidManifest.xml:21:9-24:25
38                <action android:name="android.intent.action.MAIN" />
38-->src/main/AndroidManifest.xml:22:13-65
38-->src/main/AndroidManifest.xml:22:21-62
39
40                <category android:name="android.intent.category.LAUNCHER" />
40-->src/main/AndroidManifest.xml:23:13-73
40-->src/main/AndroidManifest.xml:23:23-70
41            </intent-filter>
42        </activity>
43        <activity android:name="com.facebook.react.devsupport.DevSettingsActivity" />
43-->src/main/AndroidManifest.xml:26:7-84
43-->src/main/AndroidManifest.xml:26:17-81
44
45        <service android:name="io.invertase.firebase.messaging.ReactNativeFirebaseMessagingHeadlessService" />
45-->[:react-native-firebase_messaging] AndroidManifest.xml:16:9-111
45-->[:react-native-firebase_messaging] AndroidManifest.xml:16:18-108
46        <service
46-->[:react-native-firebase_messaging] AndroidManifest.xml:17:9-23:19
47            android:name="io.invertase.firebase.messaging.ReactNativeFirebaseMessagingService"
47-->[:react-native-firebase_messaging] AndroidManifest.xml:18:13-95
48            android:exported="false" >
48-->[:react-native-firebase_messaging] AndroidManifest.xml:19:13-37
49            <intent-filter>
49-->[:react-native-firebase_messaging] AndroidManifest.xml:20:13-22:29
50                <action android:name="com.google.firebase.MESSAGING_EVENT" />
50-->[:react-native-firebase_messaging] AndroidManifest.xml:21:17-78
50-->[:react-native-firebase_messaging] AndroidManifest.xml:21:25-75
51            </intent-filter>
52        </service>
53
54        <receiver
54-->[:react-native-firebase_messaging] AndroidManifest.xml:25:9-32:20
55            android:name="io.invertase.firebase.messaging.ReactNativeFirebaseMessagingReceiver"
55-->[:react-native-firebase_messaging] AndroidManifest.xml:26:13-96
56            android:exported="true"
56-->[:react-native-firebase_messaging] AndroidManifest.xml:27:13-36
57            android:permission="com.google.android.c2dm.permission.SEND" >
57-->[:react-native-firebase_messaging] AndroidManifest.xml:28:13-73
58            <intent-filter>
58-->[:react-native-firebase_messaging] AndroidManifest.xml:29:13-31:29
59                <action android:name="com.google.android.c2dm.intent.RECEIVE" />
59-->[:react-native-firebase_messaging] AndroidManifest.xml:30:17-81
59-->[:react-native-firebase_messaging] AndroidManifest.xml:30:25-78
60            </intent-filter>
61        </receiver>
62
63        <meta-data
63-->[:react-native-firebase_messaging] AndroidManifest.xml:34:9-36:36
64            android:name="firebase_messaging_auto_init_enabled"
64-->[:react-native-firebase_messaging] AndroidManifest.xml:35:13-64
65            android:value="true" />
65-->[:react-native-firebase_messaging] AndroidManifest.xml:36:13-33
66        <meta-data
66-->[:react-native-firebase_messaging] AndroidManifest.xml:37:9-39:32
67            android:name="com.google.firebase.messaging.default_notification_channel_id"
67-->[:react-native-firebase_messaging] AndroidManifest.xml:38:13-89
68            android:value="" />
68-->[:react-native-firebase_messaging] AndroidManifest.xml:39:13-29
69        <meta-data
69-->[:react-native-firebase_messaging] AndroidManifest.xml:40:9-42:47
70            android:name="com.google.firebase.messaging.default_notification_color"
70-->[:react-native-firebase_messaging] AndroidManifest.xml:41:13-84
71            android:resource="@color/white" />
71-->[:react-native-firebase_messaging] AndroidManifest.xml:42:13-44
72
73        <provider
73-->[:react-native-image-picker] AndroidManifest.xml:10:9-18:20
74            android:name="com.imagepicker.FileProvider"
74-->[:react-native-image-picker] AndroidManifest.xml:11:13-56
75            android:authorities="com.apppharmacist.provider"
75-->[:react-native-image-picker] AndroidManifest.xml:12:13-60
76            android:exported="false"
76-->[:react-native-image-picker] AndroidManifest.xml:13:13-37
77            android:grantUriPermissions="true" >
77-->[:react-native-image-picker] AndroidManifest.xml:14:13-47
78            <meta-data
78-->[:react-native-image-picker] AndroidManifest.xml:15:13-17:58
79                android:name="android.support.FILE_PROVIDER_PATHS"
79-->[:react-native-image-picker] AndroidManifest.xml:16:17-67
80                android:resource="@xml/provider_paths" />
80-->[:react-native-image-picker] AndroidManifest.xml:17:17-55
81        </provider>
82        <!--
83             FirebaseMessagingService performs security checks at runtime,
84             but set to not exported to explicitly avoid allowing another app to call it.
85        -->
86        <service
86-->[com.google.firebase:firebase-messaging:21.0.1] AndroidManifest.xml:28:9-35:19
87            android:name="com.google.firebase.messaging.FirebaseMessagingService"
87-->[com.google.firebase:firebase-messaging:21.0.1] AndroidManifest.xml:29:13-82
88            android:directBootAware="true"
88-->[com.google.firebase:firebase-messaging:21.0.1] AndroidManifest.xml:30:13-43
89            android:exported="false" >
89-->[com.google.firebase:firebase-messaging:21.0.1] AndroidManifest.xml:31:13-37
90            <intent-filter android:priority="-500" >
90-->[:react-native-firebase_messaging] AndroidManifest.xml:20:13-22:29
91                <action android:name="com.google.firebase.MESSAGING_EVENT" />
91-->[:react-native-firebase_messaging] AndroidManifest.xml:21:17-78
91-->[:react-native-firebase_messaging] AndroidManifest.xml:21:25-75
92            </intent-filter>
93        </service>
94        <service
94-->[com.google.firebase:firebase-messaging:21.0.1] AndroidManifest.xml:36:9-42:19
95            android:name="com.google.firebase.components.ComponentDiscoveryService"
95-->[com.google.firebase:firebase-messaging:21.0.1] AndroidManifest.xml:37:13-84
96            android:directBootAware="true"
96-->[com.google.firebase:firebase-common:19.5.0] AndroidManifest.xml:35:13-43
97            android:exported="false" >
97-->[com.google.firebase:firebase-messaging:21.0.1] AndroidManifest.xml:38:13-37
98            <meta-data
98-->[com.google.firebase:firebase-messaging:21.0.1] AndroidManifest.xml:39:13-41:85
99                android:name="com.google.firebase.components:com.google.firebase.messaging.FirebaseMessagingRegistrar"
99-->[com.google.firebase:firebase-messaging:21.0.1] AndroidManifest.xml:40:17-119
100                android:value="com.google.firebase.components.ComponentRegistrar" />
100-->[com.google.firebase:firebase-messaging:21.0.1] AndroidManifest.xml:41:17-82
101            <meta-data
101-->[com.google.firebase:firebase-datatransport:17.0.10] AndroidManifest.xml:28:13-30:85
102                android:name="com.google.firebase.components:com.google.firebase.datatransport.TransportRegistrar"
102-->[com.google.firebase:firebase-datatransport:17.0.10] AndroidManifest.xml:29:17-115
103                android:value="com.google.firebase.components.ComponentRegistrar" />
103-->[com.google.firebase:firebase-datatransport:17.0.10] AndroidManifest.xml:30:17-82
104            <meta-data
104-->[com.google.firebase:firebase-auth:20.0.3] AndroidManifest.xml:77:13-79:85
105                android:name="com.google.firebase.components:com.google.firebase.auth.FirebaseAuthRegistrar"
105-->[com.google.firebase:firebase-auth:20.0.3] AndroidManifest.xml:78:17-109
106                android:value="com.google.firebase.components.ComponentRegistrar" />
106-->[com.google.firebase:firebase-auth:20.0.3] AndroidManifest.xml:79:17-82
107            <meta-data
107-->[com.google.firebase:firebase-iid:21.0.1] AndroidManifest.xml:32:13-34:85
108                android:name="com.google.firebase.components:com.google.firebase.iid.Registrar"
108-->[com.google.firebase:firebase-iid:21.0.1] AndroidManifest.xml:33:17-96
109                android:value="com.google.firebase.components.ComponentRegistrar" />
109-->[com.google.firebase:firebase-iid:21.0.1] AndroidManifest.xml:34:17-82
110            <meta-data
110-->[com.google.firebase:firebase-installations:16.3.5] AndroidManifest.xml:18:13-20:85
111                android:name="com.google.firebase.components:com.google.firebase.installations.FirebaseInstallationsRegistrar"
111-->[com.google.firebase:firebase-installations:16.3.5] AndroidManifest.xml:19:17-127
112                android:value="com.google.firebase.components.ComponentRegistrar" />
112-->[com.google.firebase:firebase-installations:16.3.5] AndroidManifest.xml:20:17-82
113            <!--
114                This registrar is not defined in the dynamic-module-support sdk itself to allow non-firebase
115                clients to use it as well, by defining this registrar in their own core/common library.
116            -->
117            <meta-data
117-->[com.google.firebase:firebase-common:19.5.0] AndroidManifest.xml:43:13-45:85
118                android:name="com.google.firebase.components:com.google.firebase.dynamicloading.DynamicLoadingRegistrar"
118-->[com.google.firebase:firebase-common:19.5.0] AndroidManifest.xml:44:17-121
119                android:value="com.google.firebase.components.ComponentRegistrar" />
119-->[com.google.firebase:firebase-common:19.5.0] AndroidManifest.xml:45:17-82
120        </service>
121        <service
121-->[com.google.android.datatransport:transport-backend-cct:2.3.3] AndroidManifest.xml:29:9-35:19
122            android:name="com.google.android.datatransport.runtime.backends.TransportBackendDiscovery"
122-->[com.google.android.datatransport:transport-backend-cct:2.3.3] AndroidManifest.xml:30:13-103
123            android:exported="false" >
123-->[com.google.android.datatransport:transport-backend-cct:2.3.3] AndroidManifest.xml:31:13-37
124            <meta-data
124-->[com.google.android.datatransport:transport-backend-cct:2.3.3] AndroidManifest.xml:32:13-34:39
125                android:name="backend:com.google.android.datatransport.cct.CctBackendFactory"
125-->[com.google.android.datatransport:transport-backend-cct:2.3.3] AndroidManifest.xml:33:17-94
126                android:value="cct" />
126-->[com.google.android.datatransport:transport-backend-cct:2.3.3] AndroidManifest.xml:34:17-36
127        </service>
128        <service
128-->[com.google.android.datatransport:transport-runtime:2.2.5] AndroidManifest.xml:26:9-30:19
129            android:name="com.google.android.datatransport.runtime.scheduling.jobscheduling.JobInfoSchedulerService"
129-->[com.google.android.datatransport:transport-runtime:2.2.5] AndroidManifest.xml:27:13-117
130            android:exported="false"
130-->[com.google.android.datatransport:transport-runtime:2.2.5] AndroidManifest.xml:28:13-37
131            android:permission="android.permission.BIND_JOB_SERVICE" >
131-->[com.google.android.datatransport:transport-runtime:2.2.5] AndroidManifest.xml:29:13-69
132        </service>
133
134        <receiver
134-->[com.google.android.datatransport:transport-runtime:2.2.5] AndroidManifest.xml:32:9-34:40
135            android:name="com.google.android.datatransport.runtime.scheduling.jobscheduling.AlarmManagerSchedulerBroadcastReceiver"
135-->[com.google.android.datatransport:transport-runtime:2.2.5] AndroidManifest.xml:33:13-132
136            android:exported="false" />
136-->[com.google.android.datatransport:transport-runtime:2.2.5] AndroidManifest.xml:34:13-37
137
138        <activity
138-->[com.google.android.gms:play-services-auth:19.0.0] AndroidManifest.xml:23:9-27:75
139            android:name="com.google.android.gms.auth.api.signin.internal.SignInHubActivity"
139-->[com.google.android.gms:play-services-auth:19.0.0] AndroidManifest.xml:24:13-93
140            android:excludeFromRecents="true"
140-->[com.google.android.gms:play-services-auth:19.0.0] AndroidManifest.xml:25:13-46
141            android:exported="false"
141-->[com.google.android.gms:play-services-auth:19.0.0] AndroidManifest.xml:26:13-37
142            android:theme="@android:style/Theme.Translucent.NoTitleBar" />
142-->[com.google.android.gms:play-services-auth:19.0.0] AndroidManifest.xml:27:13-72
143        <!--
144            Service handling Google Sign-In user revocation. For apps that do not integrate with
145            Google Sign-In, this service will never be started.
146        -->
147        <service
147-->[com.google.android.gms:play-services-auth:19.0.0] AndroidManifest.xml:33:9-37:51
148            android:name="com.google.android.gms.auth.api.signin.RevocationBoundService"
148-->[com.google.android.gms:play-services-auth:19.0.0] AndroidManifest.xml:34:13-89
149            android:exported="true"
149-->[com.google.android.gms:play-services-auth:19.0.0] AndroidManifest.xml:35:13-36
150            android:permission="com.google.android.gms.auth.api.signin.permission.REVOCATION_NOTIFICATION"
150-->[com.google.android.gms:play-services-auth:19.0.0] AndroidManifest.xml:36:13-107
151            android:visibleToInstantApps="true" />
151-->[com.google.android.gms:play-services-auth:19.0.0] AndroidManifest.xml:37:13-48
152
153        <activity
153-->[com.google.firebase:firebase-auth:20.0.3] AndroidManifest.xml:27:9-44:20
154            android:name="com.google.firebase.auth.internal.GenericIdpActivity"
154-->[com.google.firebase:firebase-auth:20.0.3] AndroidManifest.xml:28:13-80
155            android:excludeFromRecents="true"
155-->[com.google.firebase:firebase-auth:20.0.3] AndroidManifest.xml:29:13-46
156            android:exported="true"
156-->[com.google.firebase:firebase-auth:20.0.3] AndroidManifest.xml:30:13-36
157            android:launchMode="singleTask"
157-->[com.google.firebase:firebase-auth:20.0.3] AndroidManifest.xml:31:13-44
158            android:theme="@android:style/Theme.Translucent.NoTitleBar" >
158-->[com.google.firebase:firebase-auth:20.0.3] AndroidManifest.xml:32:13-72
159            <intent-filter>
159-->[com.google.firebase:firebase-auth:20.0.3] AndroidManifest.xml:33:13-43:29
160                <action android:name="android.intent.action.VIEW" />
160-->[com.google.firebase:firebase-auth:20.0.3] AndroidManifest.xml:34:17-69
160-->[com.google.firebase:firebase-auth:20.0.3] AndroidManifest.xml:34:25-66
161
162                <category android:name="android.intent.category.DEFAULT" />
162-->[com.google.firebase:firebase-auth:20.0.3] AndroidManifest.xml:36:17-76
162-->[com.google.firebase:firebase-auth:20.0.3] AndroidManifest.xml:36:27-73
163                <category android:name="android.intent.category.BROWSABLE" />
163-->[com.google.firebase:firebase-auth:20.0.3] AndroidManifest.xml:37:17-78
163-->[com.google.firebase:firebase-auth:20.0.3] AndroidManifest.xml:37:27-75
164
165                <data
165-->[com.google.firebase:firebase-auth:20.0.3] AndroidManifest.xml:39:17-42:51
166                    android:host="firebase.auth"
166-->[com.google.firebase:firebase-auth:20.0.3] AndroidManifest.xml:40:21-49
167                    android:path="/"
167-->[com.google.firebase:firebase-auth:20.0.3] AndroidManifest.xml:41:21-37
168                    android:scheme="genericidp" />
168-->[com.google.firebase:firebase-auth:20.0.3] AndroidManifest.xml:42:21-48
169            </intent-filter>
170        </activity>
171        <activity
171-->[com.google.firebase:firebase-auth:20.0.3] AndroidManifest.xml:45:9-62:20
172            android:name="com.google.firebase.auth.internal.RecaptchaActivity"
172-->[com.google.firebase:firebase-auth:20.0.3] AndroidManifest.xml:46:13-79
173            android:excludeFromRecents="true"
173-->[com.google.firebase:firebase-auth:20.0.3] AndroidManifest.xml:47:13-46
174            android:exported="true"
174-->[com.google.firebase:firebase-auth:20.0.3] AndroidManifest.xml:48:13-36
175            android:launchMode="singleTask"
175-->[com.google.firebase:firebase-auth:20.0.3] AndroidManifest.xml:49:13-44
176            android:theme="@android:style/Theme.Translucent.NoTitleBar" >
176-->[com.google.firebase:firebase-auth:20.0.3] AndroidManifest.xml:50:13-72
177            <intent-filter>
177-->[com.google.firebase:firebase-auth:20.0.3] AndroidManifest.xml:51:13-61:29
178                <action android:name="android.intent.action.VIEW" />
178-->[com.google.firebase:firebase-auth:20.0.3] AndroidManifest.xml:34:17-69
178-->[com.google.firebase:firebase-auth:20.0.3] AndroidManifest.xml:34:25-66
179
180                <category android:name="android.intent.category.DEFAULT" />
180-->[com.google.firebase:firebase-auth:20.0.3] AndroidManifest.xml:36:17-76
180-->[com.google.firebase:firebase-auth:20.0.3] AndroidManifest.xml:36:27-73
181                <category android:name="android.intent.category.BROWSABLE" />
181-->[com.google.firebase:firebase-auth:20.0.3] AndroidManifest.xml:37:17-78
181-->[com.google.firebase:firebase-auth:20.0.3] AndroidManifest.xml:37:27-75
182
183                <data
183-->[com.google.firebase:firebase-auth:20.0.3] AndroidManifest.xml:39:17-42:51
184                    android:host="firebase.auth"
184-->[com.google.firebase:firebase-auth:20.0.3] AndroidManifest.xml:40:21-49
185                    android:path="/"
185-->[com.google.firebase:firebase-auth:20.0.3] AndroidManifest.xml:41:21-37
186                    android:scheme="recaptcha" />
186-->[com.google.firebase:firebase-auth:20.0.3] AndroidManifest.xml:42:21-48
187            </intent-filter>
188        </activity>
189
190        <service
190-->[com.google.firebase:firebase-auth:20.0.3] AndroidManifest.xml:64:9-73:19
191            android:name="com.google.firebase.auth.api.fallback.service.FirebaseAuthFallbackService"
191-->[com.google.firebase:firebase-auth:20.0.3] AndroidManifest.xml:65:13-101
192            android:enabled="true"
192-->[com.google.firebase:firebase-auth:20.0.3] AndroidManifest.xml:66:13-35
193            android:exported="false" >
193-->[com.google.firebase:firebase-auth:20.0.3] AndroidManifest.xml:67:13-37
194            <intent-filter>
194-->[com.google.firebase:firebase-auth:20.0.3] AndroidManifest.xml:68:13-72:29
195                <action android:name="com.google.firebase.auth.api.gms.service.START" />
195-->[com.google.firebase:firebase-auth:20.0.3] AndroidManifest.xml:69:17-89
195-->[com.google.firebase:firebase-auth:20.0.3] AndroidManifest.xml:69:25-86
196
197                <category android:name="android.intent.category.DEFAULT" />
197-->[com.google.firebase:firebase-auth:20.0.3] AndroidManifest.xml:36:17-76
197-->[com.google.firebase:firebase-auth:20.0.3] AndroidManifest.xml:36:27-73
198            </intent-filter>
199        </service>
200
201        <receiver
201-->[com.google.firebase:firebase-iid:21.0.1] AndroidManifest.xml:37:9-44:20
202            android:name="com.google.firebase.iid.FirebaseInstanceIdReceiver"
202-->[com.google.firebase:firebase-iid:21.0.1] AndroidManifest.xml:38:13-78
203            android:exported="true"
203-->[com.google.firebase:firebase-iid:21.0.1] AndroidManifest.xml:39:13-36
204            android:permission="com.google.android.c2dm.permission.SEND" >
204-->[com.google.firebase:firebase-iid:21.0.1] AndroidManifest.xml:40:13-73
205            <intent-filter>
205-->[:react-native-firebase_messaging] AndroidManifest.xml:29:13-31:29
206                <action android:name="com.google.android.c2dm.intent.RECEIVE" />
206-->[:react-native-firebase_messaging] AndroidManifest.xml:30:17-81
206-->[:react-native-firebase_messaging] AndroidManifest.xml:30:25-78
207            </intent-filter>
208        </receiver>
209
210        <activity
210-->[com.google.android.gms:play-services-base:17.1.0] AndroidManifest.xml:23:9-26:75
211            android:name="com.google.android.gms.common.api.GoogleApiActivity"
211-->[com.google.android.gms:play-services-base:17.1.0] AndroidManifest.xml:24:13-79
212            android:exported="false"
212-->[com.google.android.gms:play-services-base:17.1.0] AndroidManifest.xml:25:13-37
213            android:theme="@android:style/Theme.Translucent.NoTitleBar" />
213-->[com.google.android.gms:play-services-base:17.1.0] AndroidManifest.xml:26:13-72
214
215        <provider
215-->[com.google.firebase:firebase-common:19.5.0] AndroidManifest.xml:26:9-31:39
216            android:name="com.google.firebase.provider.FirebaseInitProvider"
216-->[com.google.firebase:firebase-common:19.5.0] AndroidManifest.xml:27:13-77
217            android:authorities="com.apppharmacist.firebaseinitprovider"
217-->[com.google.firebase:firebase-common:19.5.0] AndroidManifest.xml:28:13-72
218            android:directBootAware="true"
218-->[com.google.firebase:firebase-common:19.5.0] AndroidManifest.xml:29:13-43
219            android:exported="false"
219-->[com.google.firebase:firebase-common:19.5.0] AndroidManifest.xml:30:13-37
220            android:initOrder="100" />
220-->[com.google.firebase:firebase-common:19.5.0] AndroidManifest.xml:31:13-36
221
222        <meta-data
222-->[com.google.android.gms:play-services-basement:17.1.1] AndroidManifest.xml:23:9-25:69
223            android:name="com.google.android.gms.version"
223-->[com.google.android.gms:play-services-basement:17.1.1] AndroidManifest.xml:24:13-58
224            android:value="@integer/google_play_services_version" />
224-->[com.google.android.gms:play-services-basement:17.1.1] AndroidManifest.xml:25:13-66
225    </application>
226
227</manifest>